[00:00:48.943,267] <err> main: In error state!
[00:00:48.953,399] <err> main: In error state!
[00:00:48.963,531] <err> main: In error state!
[00:00:48.973,663] <err> main: In error state!
[00:00:48.983,062] <inf> main: Heartbeat timer expired
[00:00:48.983,795] <err> main: In error state!
[00:00:48.983,856] <inf> main: Heartbeat LED toggled time = 48983 ms
[00:00:48.993,957] <err> main: In error state!
[00:00:49.004,089] <err> main: In error state!
[00:00:49.014,251] <err> main: In error state!
[00:00:49.024,383] <err> main: In error state!
[00:00:49.034,515] <err> main: In error state!
[00:00:49.044,647] <err> main: In error state!
[00:00:49.054,779] <err> main: In error state!
[00:00:49.064,910] <err> main: In error state!
[00:00:49.075,042] <err> main: In error state!
[00:00:49.085,174] <err> main: In error state!
[00:00:49.095,306] <err> main: In error state!
[00:00:49.105,438] <err> main: In error state!
[00:00:49.115,600] <err> main: In error state!
[00:00:49.125,762] <err> main: In error state!
[00:00:49.135,894] <err> main: In error state!
[00:00:49.146,026] <err> main: In error state!
[00:00:49.156,158] <err> main: In error state!
[00:00:49.166,290] <err> main: In error state!
[00:00:49.176,422] <err> main: In error state!
[00:00:49.186,553] <err> main: In error state!
[00:00:49.196,685] <err> main: In error state!
[00:00:49.206,817] <err> main: In error state!
[00:00:49.216,979] <err> main: In error state!
[00:00:49.227,111] <err> main: In error state!
[00:00:49.237,243] <err> main: In error state!
[00:00:49.247,375] <err> main: In error state!
[00:00:49.257,537] <err> main: In error state!
[00:00:49.267,669] <err> main: In error state!
[00:00:49.277,832] <err> main: In error state!
[00:00:49.287,963] <err> main: In error state!
[00:00:49.298,095] <err> main: In error state!
[00:00:49.308,288] <err> main: In error state!
[00:00:49.318,420] <err> main: In error state!
[00:00:49.328,552] <err> main: In error state!
[00:00:49.338,684] <err> main: In error state!
[00:00:49.348,815] <err> main: In error state!
[00:00:49.358,947] <err> main: In error state!
[00:00:49.369,079] <err> main: In error state!
[00:00:49.379,211] <err> main: In error state!
[00:00:49.389,343] <err> main: In error state!
[00:00:49.399,475] <err> main: In error state!
[00:00:49.409,637] <err> main: In error state!
[00:00:49.419,769] <err> main: In error state!
[00:00:49.429,901] <err> main: In error state!
[00:00:49.440,032] <err> main: In error state!
[00:00:49.450,164] <err> main: In error state!
[00:00:49.460,296] <err> main: In error state!
[00:00:49.470,428] <err> main: In error state!
[00:00:49.480,560] <err> main: In error state!
[00:00:49.483,001] <inf> main: Heartbeat timer expired
[00:00:49.490,692] <err> main: In error state!
[00:00:49.490,753] <inf> main: Heartbeat LED toggled time = 49483 ms
[00:00:49.500,854] <err> main: In error state!
[00:00:49.510,986] <err> main: In error state!
[00:00:49.521,118] <err> main: In error state!
[00:00:49.531,280] <err> main: In error state!
[00:00:49.541,442] <err> main: In error state!
[00:00:49.551,574] <err> main: In error state!
[00:00:49.561,706] <err> main: In error state!
[00:00:49.571,838] <err> main: In error state!
[00:00:49.581,970] <err> main: In error state!
[00:00:49.592,102] <err> main: In error state!
[00:00:49.602,233] <err> main: In error state!
[00:00:49.612,365] <err> main: In error state!
[00:00:49.622,497] <err> main: In error state!
[00:00:49.632,659] <err> main: In error state!
[00:00:49.642,791] <err> main: In error state!
[00:00:49.652,923] <err> main: In error state!
[00:00:49.663,055] <err> main: In error state!
[00:00:49.673,187] <err> main: In error state!
[00:00:49.683,319] <err> main: In error state!
[00:00:49.693,450] <err> main: In error state!
[00:00:49.703,582] <err> main: In error state!
[00:00:49.713,714] <err> main: In error state!
[00:00:49.723,876] <err> main: In error state!
[00:00:49.734,039] <err> main: In error state!
[00:00:49.744,171] <err> main: In error state!
[00:00:49.754,302] <err> main: In error state!
[00:00:49.764,434] <err> main: In error state!
[00:00:49.774,566] <err> main: In error state!
[00:00:49.784,698] <err> main: In error state!
[00:00:49.794,830] <err> main: In error state!
[00:00:49.804,962] <err> main: In error state!
[00:00:49.815,093] <err> main: In error state!
[00:00:49.825,256] <err> main: In error state!
[00:00:49.835,388] <err> main: In error state!
[00:00:49.845,520] <err> main: In error state!
[00:00:49.855,651] <err> main: In error state!
[00:00:49.865,783] <err> main: In error state!
[00:00:49.875,915] <err> main: In error state!
[00:00:49.886,047] <err> main: In error state!
[00:00:49.896,179] <err> main: In error state!
[00:00:49.906,311] <err> main: In error state!
[00:00:49.916,473] <err> main: In error state!
[00:00:49.926,635] <err> main: In error state!
[00:00:49.936,767] <err> main: In error state!
[00:00:49.946,899] <err> main: In error state!
[00:00:49.957,031] <err> main: In error state!
[00:00:49.967,163] <err> main: In error state!
[00:00:49.977,294] <err> main: In error state!
[00:00:49.983,062] <inf> main: Heartbeat timer expired
[00:00:49.987,426] <err> main: In error state!
[00:00:49.987,487] <inf> main: Heartbeat LED toggled time = 49983 ms
[00:00:49.997,619] <err> main: In error state!
[00:00:50.007,751] <err> main: In error state!
[00:00:50.017,883] <err> main: In error state!
[00:00:50.028,015] <err> main: In error state!
[00:00:50.038,146] <err> main: In error state!
[00:00:50.048,278] <err> main: In error state!
[00:00:50.058,410] <err> main: In error state!
[00:00:50.068,572] <err> main: In error state!
[00:00:50.078,704] <err> main: In error state!
[00:00:50.088,836] <err> main: In error state!
[00:00:50.098,999] <err> main: In error state!
[00:00:50.109,161] <err> main: In error state!
[00:00:50.119,323] <err> main: In error state!
[00:00:50.129,455] <err> main: In error state!
[00:00:50.139,587] <err> main: In error state!
[00:00:50.149,719] <err> main: In error state!
[00:00:50.159,851] <err> main: In error state!
[00:00:50.169,982] <err> main: In error state!
[00:00:50.180,114] <err> main: In error state!
[00:00:50.190,246] <err> main: In error state!
[00:00:50.200,408] <err> main: In error state!
[00:00:50.210,540] <err> main: In error state!
[00:00:50.220,672] <err> main: In error state!
[00:00:50.230,804] <err> main: In error state!
[00:00:50.240,936] <err> main: In error state!
[00:00:50.251,068] <err> main: In error state!
[00:00:50.261,199] <err> main: In error state!
[00:00:50.271,331] <err> main: In error state!
[00:00:50.281,463] <err> main: In error state!
[00:00:50.291,625] <err> main: In error state!
[00:00:50.301,788] <err> main: In error state!
[00:00:50.311,920] <err> main: In error state!
[00:00:50.322,052] <err> main: In error state!
[00:00:50.332,183] <err> main: In error state!
[00:00:50.342,315] <err> main: In error state!
[00:00:50.352,447] <err> main: In error state!
[00:00:50.362,579] <err> main: In error state!
[00:00:50.372,711] <err> main: In error state!
[00:00:50.382,843] <err> main: In error state!
[00:00:50.393,005] <err> main: In error state!
[00:00:50.403,137] <err> main: In error state!
[00:00:50.413,269] <err> main: In error state!
[00:00:50.423,400] <err> main: In error state!
[00:00:50.433,532] <err> main: In error state!
[00:00:50.443,664] <err> main: In error state!
[00:00:50.453,796] <err> main: In error state!
[00:00:50.463,928] <err> main: In error state!
[00:00:50.474,060] <err> main: In error state!
[00:00:50.483,001] <inf> main: Heartbeat timer expired
[00:00:50.484,222] <err> main: In error state!
[00:00:50.484,313] <inf> main: Heartbeat LED toggled time = 50483 ms
[00:00:50.494,384] <err> main: In error state!
[00:00:50.504,516] <err> main: In error state!
[00:00:50.514,678] <err> main: In error state!
[00:00:50.524,871] <err> main: In error state!
[00:00:50.535,003] <err> main: In error state!
[00:00:50.545,135] <err> main: In error state!
[00:00:50.555,267] <err> main: In error state!
[00:00:50.565,399] <err> main: In error state!
[00:00:50.575,531] <err> main: In error state!
[00:00:50.585,662] <err> main: In error state!
[00:00:50.595,794] <err> main: In error state!
[00:00:50.605,926] <err> main: In error state!
[00:00:50.616,088] <err> main: In error state!
[00:00:50.626,220] <err> main: In error state!
[00:00:50.636,352] <err> main: In error state!
[00:00:50.646,484] <err> main: In error state!
[00:00:50.656,616] <err> main: In error state!
[00:00:50.666,748] <err> main: In error state!
[00:00:50.676,879] <err> main: In error state!
[00:00:50.687,011] <err> main: In error state!
[00:00:50.697,143] <err> main: In error state!
[00:00:50.707,305] <err> main: In error state!
[00:00:50.717,468] <err> main: In error state!
[00:00:50.727,600] <err> main: In error state!
[00:00:50.737,731] <err> main: In error state!
[00:00:50.747,863] <err> main: In error state!
[00:00:50.757,995] <err> main: In error state!
[00:00:50.768,127] <err> main: In error state!
[00:00:50.778,259] <err> main: In error state!
[00:00:50.788,391] <err> main: In error state!
[00:00:50.798,522] <err> main: In error state!
[00:00:50.808,685] <err> main: In error state!
[00:00:50.818,817] <err> main: In error state!
[00:00:50.828,948] <err> main: In error state!
[00:00:50.839,080] <err> main: In error state!
[00:00:50.849,212] <err> main: In error state!
[00:00:50.859,344] <err> main: In error state!
[00:00:50.869,476] <err> main: In error state!
[00:00:50.879,608] <err> main: In error state!
[00:00:50.889,739] <err> main: In error state!
[00:00:50.899,902] <err> main: In error state!
[00:00:50.910,064] <err> main: In error state!
[00:00:50.920,196] <err> main: In error state!
[00:00:50.930,328] <err> main: In error state!
[00:00:50.940,460] <err> main: In error state!
[00:00:50.950,622] <err> main: In error state!
[00:00:50.960,754] <err> main: In error state!
[00:00:50.970,886] <err> main: In error state!
[00:00:50.981,018] <err> main: In error state!
[00:00:50.983,062] <inf> main: Heartbeat timer expired
[00:00:50.991,149] <err> main: In error state!
[00:00:50.991,210] <inf> main: Heartbeat LED toggled time = 50983 ms
[00:00:51.001,312] <err> main: In error state!
[00:00:51.011,444] <err> main: In error state!
[00:00:51.021,575] <err> main: In error state!
[00:00:51.031,707] <err> main: In error state!
[00:00:51.041,839] <err> main: In error state!
[00:00:51.051,971] <err> main: In error state!
[00:00:51.062,103] <err> main: In error state!
[00:00:51.072,235] <err> main: In error state!
[00:00:51.082,366] <err> main: In error state!
[00:00:51.092,498] <err> main: In error state!
[00:00:51.102,661] <err> main: In error state!
[00:00:51.112,823] <err> main: In error state!
[00:00:51.122,955] <err> main: In error state!
[00:00:51.133,087] <err> main: In error state!
[00:00:51.143,218] <err> main: In error state!
[00:00:51.153,350] <err> main: In error state!
[00:00:51.163,482] <err> main: In error state!
[00:00:51.173,614] <err> main: In error state!
[00:00:51.183,746] <err> main: In error state!
[00:00:51.193,878] <err> main: In error state!
[00:00:51.204,040] <err> main: In error state!
[00:00:51.214,172] <err> main: In error state!
[00:00:51.224,304] <err> main: In error state!
[00:00:51.234,436] <err> main: In error state!
[00:00:51.244,567] <err> main: In error state!
[00:00:51.254,699] <err> main: In error state!
[00:00:51.264,831] <err> main: In error state!
[00:00:51.274,963] <err> main: In error state!
[00:00:51.285,095] <err> main: In error state!
[00:00:51.295,257] <err> main: In error state!
[00:00:51.305,419] <err> main: In error state!
[00:00:51.315,551] <err> main: In error state!
[00:00:51.325,683] <err> main: In error state!
[00:00:51.335,815] <err> main: In error state!
[00:00:51.345,947] <err> main: In error state!
[00:00:51.356,109] <err> main: In error state!
[00:00:51.366,241] <err> main: In error state!
[00:00:51.376,373] <err> main: In error state!
[00:00:51.386,505] <err> main: In error state!
[00:00:51.396,667] <err> main: In error state!
[00:00:51.406,799] <err> main: In error state!
[00:00:51.416,931] <err> main: In error state!
[00:00:51.427,062] <err> main: In error state!
[00:00:51.437,194] <err> main: In error state!
[00:00:51.447,326] <err> main: In error state!
[00:00:51.457,458] <err> main: In error state!
[00:00:51.467,590] <err> main: In error state!
[00:00:51.477,722] <err> main: In error state!
[00:00:51.483,001] <inf> main: Heartbeat timer expired
[00:00:51.487,884] <err> main: In error state!
[00:00:51.487,976] <inf> main: Heartbeat LED toggled time = 51483 ms
[00:00:51.498,046] <err> main: In error state!
[00:00:51.508,209] <err> main: In error state!
[00:00:51.518,371] <err> main: In error state!
[00:00:51.528,533] <err> main: In error state!
[00:00:51.538,665] <err> main: In error state!
[00:00:51.548,797] <err> main: In error state!
[00:00:51.558,929] <err> main: In error state!
[00:00:51.569,061] <err> main: In error state!
[00:00:51.579,193] <err> main: In error state!
[00:00:51.589,324] <err> main: In error state!
[00:00:51.599,456] <err> main: In error state!
[00:00:51.609,588] <err> main: In error state!
[00:00:51.619,750] <err> main: In error state!
[00:00:51.629,882] <err> main: In error state!
[00:00:51.640,014] <err> main: In error state!
[00:00:51.650,146] <err> main: In error state!
[00:00:51.660,278] <err> main: In error state!
[00:00:51.670,410] <err> main: In error state!
[00:00:51.680,541] <err> main: In error state!
[00:00:51.690,673] <err> main: In error state!
[00:00:51.700,805] <err> main: In error state!
[00:00:51.710,968] <err> main: In error state!
[00:00:51.721,130] <err> main: In error state!
[00:00:51.731,262] <err> main: In error state!
[00:00:51.741,394] <err> main: In error state!
[00:00:51.751,525] <err> main: In error state!
[00:00:51.761,688] <err> main: In error state!
[00:00:51.771,820] <err> main: In error state!
[00:00:51.781,951] <err> main: In error state!
[00:00:51.792,083] <err> main: In error state!
[00:00:51.802,215] <err> main: In error state!
[00:00:51.812,377] <err> main: In error state!
[00:00:51.822,509] <err> main: In error state!
[00:00:51.832,641] <err> main: In error state!
[00:00:51.842,773] <err> main: In error state!
[00:00:51.852,905] <err> main: In error state!
[00:00:51.863,037] <err> main: In error state!
[00:00:51.873,168] <err> main: In error state!
[00:00:51.883,300] <err> main: In error state!
[00:00:51.893,432] <err> main: In error state!
[00:00:51.903,594] <err> main: In error state!
[00:00:51.913,757] <err> main: In error state!
[00:00:51.923,889] <err> main: In error state!
[00:00:51.934,020] <err> main: In error state!
[00:00:51.944,152] <err> main: In error state!
[00:00:51.954,284] <err> main: In error state!
[00:00:51.964,416] <err> main: In error state!
[00:00:51.974,548] <err> main: In error state!
[00:00:51.983,062] <inf> main: Heartbeat timer expired
[00:00:51.984,680] <err> main: In error state!
[00:00:51.984,771] <inf> main: Heartbeat LED toggled time = 51983 ms
[00:00:51.994,873] <err> main: In error state!
[00:00:52.005,035] <err> main: In error state!
[00:00:52.015,167] <err> main: In error state!
[00:00:52.025,299] <err> main: In error state!
[00:00:52.035,430] <err> main: In error state!
[00:00:52.045,562] <err> main: In error state!
[00:00:52.055,694] <err> main: In error state!
[00:00:52.065,826] <err> main: In error state!
[00:00:52.075,958] <err> main: In error state!
[00:00:52.086,120] <err> main: In error state!
[00:00:52.096,252] <err> main: In error state!
[00:00:52.106,414] <err> main: In error state!
[00:00:52.116,577] <err> main: In error state!
[00:00:52.126,708] <err> main: In error state!
[00:00:52.136,840] <err> main: In error state!
[00:00:52.146,972] <err> main: In error state!
[00:00:52.157,104] <err> main: In error state!
[00:00:52.167,266] <err> main: In error state!
[00:00:52.177,398] <err> main: In error state!
[00:00:52.187,530] <err> main: In error state!
[00:00:52.197,662] <err> main: In error state!
[00:00:52.207,824] <err> main: In error state!
[00:00:52.217,956] <err> main: In error state!
[00:00:52.228,088] <err> main: In error state!
[00:00:52.238,220] <err> main: In error state!
[00:00:52.248,352] <err> main: In error state!
[00:00:52.258,483] <err> main: In error state!
[00:00:52.268,615] <err> main: In error state!
[00:00:52.278,747] <err> main: In error state!
[00:00:52.288,879] <err> main: In error state!
[00:00:52.299,041] <err> main: In error state!
[00:00:52.309,204] <err> main: In error state!
[00:00:52.319,335] <err> main: In error state!
[00:00:52.329,467] <err> main: In error state!
[00:00:52.339,599] <err> main: In error state!
[00:00:52.349,731] <err> main: In error state!
[00:00:52.359,863] <err> main: In error state!
[00:00:52.369,995] <err> main: In error state!
[00:00:52.380,126] <err> main: In error state!
[00:00:52.390,258] <err> main: In error state!
[00:00:52.400,421] <err> main: In error state!
[00:00:52.410,552] <err> main: In error state!
[00:00:52.420,684] <err> main: In error state!
[00:00:52.430,816] <err> main: In error state!
[00:00:52.440,948] <err> main: In error state!
[00:00:52.451,080] <err> main: In error state!
[00:00:52.461,212] <err> main: In error state!
[00:00:52.471,343] <err> main: In error state!
[00:00:52.481,475] <err> main: In error state!
[00:00:52.483,001] <inf> main: Heartbeat timer expired
[00:00:52.491,638] <err> main: In error state!
[00:00:52.491,729] <inf> main: Heartbeat LED toggled time = 52483 ms
[00:00:52.501,800] <err> main: In error state!
[00:00:52.511,932] <err> main: In error state!
[00:00:52.522,094] <err> main: In error state!
[00:00:52.532,257] <err> main: In error state!
[00:00:52.542,388] <err> main: In error state!
[00:00:52.552,520] <err> main: In error state!
[00:00:52.562,652] <err> main: In error state!
[00:00:52.572,814] <err> main: In error state!
[00:00:52.582,946] <err> main: In error state!
[00:00:52.593,078] <err> main: In error state!
[00:00:52.603,210] <err> main: In error state!
[00:00:52.613,342] <err> main: In error state!
[00:00:52.623,504] <err> main: In error state!
[00:00:52.633,636] <err> main: In error state!
[00:00:52.643,768] <err> main: In error state!
[00:00:52.653,900] <err> main: In error state!
[00:00:52.664,031] <err> main: In error state!
[00:00:52.674,163] <err> main: In error state!
[00:00:52.684,326] <err> main: In error state!
[00:00:52.694,458] <err> main: In error state!
[00:00:52.704,589] <err> main: In error state!
[00:00:52.714,752] <err> main: In error state!
[00:00:52.724,914] <err> main: In error state!
[00:00:52.735,046] <err> main: In error state!
[00:00:52.745,178] <err> main: In error state!
[00:00:52.755,310] <err> main: In error state!
[00:00:52.765,441] <err> main: In error state!
[00:00:52.775,573] <err> main: In error state!
[00:00:52.785,705] <err> main: In error state!
[00:00:52.795,837] <err> main: In error state!
[00:00:52.805,969] <err> main: In error state!
[00:00:52.816,131] <err> main: In error state!
[00:00:52.826,263] <err> main: In error state!
[00:00:52.836,395] <err> main: In error state!
[00:00:52.846,557] <err> main: In error state!
[00:00:52.856,689] <err> main: In error state!
[00:00:52.866,821] <err> main: In error state!
[00:00:52.876,953] <err> main: In error state!
[00:00:52.887,084] <err> main: In error state!
[00:00:52.897,216] <err> main: In error state!
[00:00:52.907,379] <err> main: In error state!
[00:00:52.917,541] <err> main: In error state!
[00:00:52.927,673] <err> main: In error state!
[00:00:52.937,805] <err> main: In error state!
[00:00:52.947,937] <err> main: In error state!
[00:00:52.958,068] <err> main: In error state!
[00:00:52.968,200] <err> main: In error state!
[00:00:52.978,332] <err> main: In error state!
[00:00:52.983,062] <inf> main: Heartbeat timer expired
[00:00:52.988,494] <err> main: In error state!
[00:00:52.988,555] <inf> main: Heartbeat LED toggled time = 52983 ms
[00:00:52.998,657] <err> main: In error state!
[00:00:53.008,819] <err> main: In error state!
[00:00:53.018,951] <err> main: In error state!
[00:00:53.029,083] <err> main: In error state!
[00:00:53.039,215] <err> main: In error state!
[00:00:53.049,346] <err> main: In error state!
[00:00:53.059,478] <err> main: In error state!
[00:00:53.069,610] <err> main: In error state!
[00:00:53.079,742] <err> main: In error state!
[00:00:53.089,874] <err> main: In error state!
[00:00:53.100,006] <err> main: In error state!
[00:00:53.110,168] <err> main: In error state!
[00:00:53.120,330] <err> main: In error state!
[00:00:53.130,462] <err> main: In error state!
[00:00:53.140,594] <err> main: In error state!
[00:00:53.150,726] <err> main: In error state!
[00:00:53.160,858] <err> main: In error state!
[00:00:53.170,989] <err> main: In error state!
[00:00:53.181,121] <err> main: In error state!
[00:00:53.191,253] <err> main: In error state!
[00:00:53.201,385] <err> main: In error state!
[00:00:53.211,547] <err> main: In error state!
[00:00:53.221,679] <err> main: In error state!
[00:00:53.231,811] <err> main: In error state!
[00:00:53.241,943] <err> main: In error state!
[00:00:53.252,075] <err> main: In error state!
[00:00:53.262,207] <err> main: In error state!
[00:00:53.272,369] <err> main: In error state!
[00:00:53.282,501] <err> main: In error state!
[00:00:53.292,633] <err> main: In error state!
[00:00:53.302,795] <err> main: In error state!
[00:00:53.312,957] <err> main: In error state!
[00:00:53.323,089] <err> main: In error state!
[00:00:53.333,221] <err> main: In error state!
[00:00:53.343,353] <err> main: In error state!
[00:00:53.353,485] <err> main: In error state!
[00:00:53.363,616] <err> main: In error state!
[00:00:53.373,748] <err> main: In error state!
[00:00:53.383,880] <err> main: In error state!
[00:00:53.394,012] <err> main: In error state!
[00:00:53.404,174] <err> main: In error state!
[00:00:53.414,337] <err> main: In error state!
[00:00:53.424,468] <err> main: In error state!
[00:00:53.434,600] <err> main: In error state!
[00:00:53.444,763] <err> main: In error state!
[00:00:53.454,895] <err> main: In error state!
[00:00:53.465,057] <err> main: In error state!
[00:00:53.475,189] <err> main: In error state!
[00:00:53.483,001] <inf> main: Heartbeat timer expired
[00:00:53.485,321] <err> main: In error state!
[00:00:53.485,382] <inf> main: Heartbeat LED toggled time = 53483 ms
[00:00:53.495,483] <err> main: In error state!
[00:00:53.505,615] <err> main: In error state!
[00:00:53.515,747] <err> main: In error state!
[00:00:53.525,909] <err> main: In error state!
[00:00:53.536,071] <err> main: In error state!
[00:00:53.546,203] <err> main: In error state!
[00:00:53.556,335] <err> main: In error state!
[00:00:53.566,467] <err> main: In error state!
[00:00:53.576,599] <err> main: In error state!
[00:00:53.586,730] <err> main: In error state!
[00:00:53.596,862] <err> main: In error state!
[00:00:53.606,994] <err> main: In error state!
[00:00:53.617,126] <err> main: In error state!
[00:00:53.627,288] <err> main: In error state!
[00:00:53.637,420] <err> main: In error state!
[00:00:53.647,552] <err> main: In error state!
[00:00:53.657,684] <err> main: In error state!
[00:00:53.667,816] <err> main: In error state!
[00:00:53.677,947] <err> main: In error state!
[00:00:53.688,079] <err> main: In error state!
[00:00:53.698,211] <err> main: In error state!
[00:00:53.708,343] <err> main: In error state!
[00:00:53.718,505] <err> main: In error state!
[00:00:53.728,668] <err> main: In error state!
[00:00:53.738,800] <err> main: In error state!
[00:00:53.748,931] <err> main: In error state!
[00:00:53.759,063] <err> main: In error state!
[00:00:53.769,195] <err> main: In error state!
[00:00:53.779,327] <err> main: In error state!
[00:00:53.789,459] <err> main: In error state!
[00:00:53.799,591] <err> main: In error state!
[00:00:53.809,753] <err> main: In error state!
[00:00:53.819,885] <err> main: In error state!
[00:00:53.830,017] <err> main: In error state!
[00:00:53.840,148] <err> main: In error state!
[00:00:53.850,311] <err> main: In error state!
[00:00:53.860,443] <err> main: In error state!
[00:00:53.870,574] <err> main: In error state!
[00:00:53.880,706] <err> main: In error state!
[00:00:53.890,869] <err> main: In error state!
[00:00:53.901,000] <err> main: In error state!
[00:00:53.911,163] <err> main: In error state!
[00:00:53.921,325] <err> main: In error state!
[00:00:53.931,457] <err> main: In error state!
[00:00:53.941,589] <err> main: In error state!
[00:00:53.951,721] <err> main: In error state!
[00:00:53.961,853] <err> main: In error state!
[00:00:53.971,984] <err> main: In error state!
[00:00:53.982,116] <err> main: In error state!
[00:00:53.983,062] <inf> main: Heartbeat timer expired
[00:00:53.992,248] <err> main: In error state!
[00:00:53.992,340] <inf> main: Heartbeat LED toggled time = 53983 ms
[00:00:54.002,441] <err> main: In error state!
[00:00:54.012,603] <err> main: In error state!
[00:00:54.022,735] <err> main: In error state!
[00:00:54.032,867] <err> main: In error state!
[00:00:54.042,999] <err> main: In error state!
[00:00:54.053,131] <err> main: In error state!
[00:00:54.063,262] <err> main: In error state!
[00:00:54.073,394] <err> main: In error state!
[00:00:54.083,526] <err> main: In error state!
[00:00:54.093,658] <err> main: In error state!
[00:00:54.103,790] <err> main: In error state!
[00:00:54.113,952] <err> main: In error state!
[00:00:54.124,114] <err> main: In error state!
[00:00:54.134,246] <err> main: In error state!
[00:00:54.144,378] <err> main: In error state!
[00:00:54.154,510] <err> main: In error state!
[00:00:54.164,642] <err> main: In error state!
[00:00:54.174,774] <err> main: In error state!
[00:00:54.184,906] <err> main: In error state!
[00:00:54.195,037] <err> main: In error state!
[00:00:54.205,169] <err> main: In error state!
[00:00:54.215,332] <err> main: In error state!
[00:00:54.225,494] <err> main: In error state!
[00:00:54.235,626] <err> main: In error state!
[00:00:54.245,758] <err> main: In error state!
[00:00:54.255,889] <err> main: In error state!
[00:00:54.266,021] <err> main: In error state!
[00:00:54.276,153] <err> main: In error state!
[00:00:54.286,285] <err> main: In error state!
[00:00:54.296,417] <err> main: In error state!
[00:00:54.306,579] <err> main: In error state!
[00:00:54.316,741] <err> main: In error state!
[00:00:54.326,873] <err> main: In error state!
[00:00:54.337,005] <err> main: In error state!
[00:00:54.347,137] <err> main: In error state!
[00:00:54.357,269] <err> main: In error state!
[00:00:54.367,401] <err> main: In error state!
[00:00:54.377,532] <err> main: In error state!
[00:00:54.387,664] <err> main: In error state!
[00:00:54.397,796] <err> main: In error state!
[00:00:54.407,958] <err> main: In error state!
[00:00:54.418,090] <err> main: In error state!
[00:00:54.428,222] <err> main: In error state!
[00:00:54.438,354] <err> main: In error state!
[00:00:54.448,486] <err> main: In error state!
[00:00:54.458,618] <err> main: In error state!
[00:00:54.468,750] <err> main: In error state!
[00:00:54.478,881] <err> main: In error state!
[00:00:54.483,001] <inf> main: Heartbeat timer expired
[00:00:54.489,013] <err> main: In error state!
[00:00:54.489,074] <inf> main: Heartbeat LED toggled time = 54483 ms
[00:00:54.499,176] <err> main: In error state!
[00:00:54.509,307] <err> main: In error state!
[00:00:54.519,439] <err> main: In error state!
[00:00:54.529,602] <err> main: In error state!
[00:00:54.539,764] <err> main: In error state!
[00:00:54.549,896] <err> main: In error state!
[00:00:54.560,028] <err> main: In error state!
[00:00:54.570,159] <err> main: In error state!
[00:00:54.580,291] <err> main: In error state!
[00:00:54.590,423] <err> main: In error state!
[00:00:54.600,555] <err> main: In error state!
[00:00:54.610,687] <err> main: In error state!
[00:00:54.620,849] <err> main: In error state!
[00:00:54.630,981] <err> main: In error state!
[00:00:54.641,113] <err> main: In error state!
[00:00:54.651,245] <err> main: In error state!
[00:00:54.661,376] <err> main: In error state!
[00:00:54.671,508] <err> main: In error state!
[00:00:54.681,640] <err> main: In error state!
[00:00:54.691,772] <err> main: In error state!
[00:00:54.701,904] <err> main: In error state!
[00:00:54.712,036] <err> main: In error state!
[00:00:54.722,198] <err> main: In error state!
[00:00:54.732,360] <err> main: In error state!
[00:00:54.742,492] <err> main: In error state!
[00:00:54.752,624] <err> main: In error state!
[00:00:54.762,756] <err> main: In error state!
[00:00:54.772,888] <err> main: In error state!
[00:00:54.783,020] <err> main: In error state!
[00:00:54.793,151] <err> main: In error state!
[00:00:54.803,283] <err> main: In error state!
[00:00:54.813,415] <err> main: In error state!
[00:00:54.823,577] <err> main: In error state!
[00:00:54.833,709] <err> main: In error state!
[00:00:54.843,841] <err> main: In error state!
[00:00:54.853,973] <err> main: In error state!
[00:00:54.864,105] <err> main: In error state!
[00:00:54.874,237] <err> main: In error state!
[00:00:54.884,368] <err> main: In error state!
[00:00:54.894,531] <err> main: In error state!
[00:00:54.904,663] <err> main: In error state!
[00:00:54.914,825] <err> main: In error state!
[00:00:54.924,987] <err> main: In error state!
[00:00:54.935,119] <err> main: In error state!
[00:00:54.945,251] <err> main: In error state!
[00:00:54.955,383] <err> main: In error state!
[00:00:54.965,515] <err> main: In error state!
[00:00:54.975,646] <err> main: In error state!
[00:00:54.983,062] <inf> main: Heartbeat timer expired
[00:00:54.985,778] <err> main: In error state!
[00:00:54.985,839] <inf> main: Heartbeat LED toggled time = 54983 ms
[00:00:54.995,971] <err> main: In error state!
[00:00:55.006,103] <err> main: In error state!
[00:00:55.016,235] <err> main: In error state!
[00:00:55.026,367] <err> main: In error state!
[00:00:55.036,529] <err> main: In error state!
[00:00:55.046,661] <err> main: In error state!
[00:00:55.056,793] <err> main: In error state!
[00:00:55.066,925] <err> main: In error state!
[00:00:55.077,056] <err> main: In error state!
[00:00:55.087,188] <err> main: In error state!
[00:00:55.097,351] <err> main: In error state!
[00:00:55.107,513] <err> main: In error state!
[00:00:55.117,645] <err> main: In error state!
[00:00:55.127,777] <err> main: In error state!
[00:00:55.137,908] <err> main: In error state!
[00:00:55.148,040] <err> main: In error state!
[00:00:55.158,172] <err> main: In error state!
[00:00:55.168,304] <err> main: In error state!
[00:00:55.178,436] <err> main: In error state!
[00:00:55.188,568] <err> main: In error state!
[00:00:55.198,730] <err> main: In error state!
[00:00:55.208,862] <err> main: In error state!
[00:00:55.218,994] <err> main: In error state!
[00:00:55.229,125] <err> main: In error state!
[00:00:55.239,257] <err> main: In error state!
[00:00:55.249,389] <err> main: In error state!
[00:00:55.259,521] <err> main: In error state!
[00:00:55.269,653] <err> main: In error state!
[00:00:55.279,785] <err> main: In error state!
[00:00:55.289,947] <err> main: In error state!
[00:00:55.300,109] <err> main: In error state!
[00:00:55.310,241] <err> main: In error state!
[00:00:55.320,373] <err> main: In error state!
[00:00:55.330,505] <err> main: In error state!
 <err> main: In error state!
[00:00:55.350,769] <err> main: In error state!
[00:00:55.360,900] <err> main: In error state!
[00:00:55.371,032] <err> main: In error state!
[00:00:55.381,164] <err> main: In error state!
[00:00:55.391,326] <err> main: In error state!
[00:00:55.401,458] <err> main: In error state!
[00:00:55.411,590] <err> main: In error state!
[00:00:55.421,722] <err> main: In error state!
[00:00:55.431,854] <err> main: In error state!
[00:00:55.441,986] <err> main: In error state!
[00:00:55.452,117] <err> main: In error state!
[00:00:55.462,280] <err> main: In error state!
[00:00:55.472,412] <err> main: In error state!
[00:00:55.482,574] <err> main: In error state!
[00:00:55.483,062] <inf> main: Heartbeat timer expired
[00:00:55.492,736] <err> main: In error state!
[00:00:55.492,797] <inf> main: Heartbeat LED toggled time = 55483 ms
[00:00:55.502,899] <err> main: In error state!
[00:00:55.513,031] <err> main: In error state!
[00:00:55.523,162] <err> main: In error state!
[00:00:55.533,294] <err> main: In error state!
[00:00:55.543,426] <err> main: In error state!
[00:00:55.553,558] <err> main: In error state!
[00:00:55.563,720] <err> main: In error state!
[00:00:55.573,852] <err> main: In error state!
[00:00:55.583,984] <err> main: In error state!
[00:00:55.594,116] <err> main: In error state!
[00:00:55.604,248] <err> main: In error state!
[00:00:55.614,379] <err> main: In error state!
[00:00:55.624,511] <err> main: In error state!
[00:00:55.634,643] <err> main: In error state!
[00:00:55.644,775] <err> main: In error state!
[00:00:55.654,907] <err> main: In error state!
[00:00:55.665,069] <err> main: In error state!
[00:00:55.675,231] <err> main: In error state!
[00:00:55.685,363] <err> main: In error state!
[00:00:55.695,495] <err> main: In error state!
[00:00:55.705,627] <err> main: In error state!
[00:00:55.715,759] <err> main: In error state!
[00:00:55.725,891] <err> main: In error state!
[00:00:55.736,022] <err> main: In error state!
[00:00:55.746,154] <err> main: In error state!
[00:00:55.756,286] <err> main: In error state!
[00:00:55.766,448] <err> main: In error state!
[00:00:55.776,580] <err> main: In error state!
[00:00:55.786,712] <err> main: In error state!
[00:00:55.796,844] <err> main: In error state!
[00:00:55.806,976] <err> main: In error state!
[00:00:55.817,108] <err> main: In error state!
[00:00:55.827,239] <err> main: In error state!
[00:00:55.837,371] <err> main: In error state!
[00:00:55.847,503] <err> main: In error state!
[00:00:55.857,696] <err> main: In error state!
[00:00:55.867,828] <err> main: In error state!
[00:00:55.877,960] <err> main: In error state!
[00:00:55.888,092] <err> main: In error state!
[00:00:55.898,223] <err> main: In error state!
[00:00:55.908,355] <err> main: In error state!
[00:00:55.918,487] <err> main: In error state!
[00:00:55.928,619] <err> main: In error state!
[00:00:55.938,751] <err> main: In error state!
[00:00:55.948,883] <err> main: In error state!
[00:00:55.959,045] <err> main: In error state!
[00:00:55.969,177] <err> main: In error state!
[00:00:55.979,309] <err> main: In error state!
[00:00:55.983,001] <inf> main: Heartbeat timer expired
[00:00:55.989,440] <err> main: In error state!
[00:00:55.989,501] <inf> main: Heartbeat LED toggled time = 55983 ms
[00:00:55.999,603] <err> main: In error state!
[00:00:56.009,735] <err> main: In error state!
[00:00:56.019,866] <err> main: In error state!
[00:00:56.029,998] <err> main: In error state!
[00:00:56.040,130] <err> main: In error state!
[00:00:56.050,262] <err> main: In error state!
[00:00:56.060,394] <err> main: In error state!
[00:00:56.070,526] <err> main: In error state!
[00:00:56.080,688] <err> main: In error state!
[00:00:56.090,850] <err> main: In error state!
[00:00:56.100,982] <err> main: In error state!
[00:00:56.111,114] <err> main: In error state!
[00:00:56.121,246] <err> main: In error state!
[00:00:56.131,378] <err> main: In error state!
[00:00:56.141,510] <err> main: In error state!
[00:00:56.151,641] <err> main: In error state!
[00:00:56.161,773] <err> main: In error state!
[00:00:56.171,905] <err> main: In error state!
[00:00:56.182,067] <err> main: In error state!
[00:00:56.192,199] <err> main: In error state!
[00:00:56.202,362] <err> main: In error state!
[00:00:56.212,493] <err> main: In error state!
[00:00:56.222,625] <err> main: In error state!
[00:00:56.232,757] <err> main: In error state!
[00:00:56.242,919] <err> main: In error state!
[00:00:56.253,051] <err> main: In error state!
[00:00:56.263,183] <err> main: In error state!
[00:00:56.273,345] <err> main: In error state!
[00:00:56.283,508] <err> main: In error state!
[00:00:56.293,640] <err> main: In error state!
[00:00:56.303,771] <err> main: In error state!
[00:00:56.313,903] <err> main: In error state!
[00:00:56.324,035] <err> main: In error state!
[00:00:56.334,167] <err> main: In error state!
[00:00:56.344,299] <err> main: In error state!
[00:00:56.354,431] <err> main: In error state!
[00:00:56.364,562] <err> main: In error state!
[00:00:56.374,725] <err> main: In error state!
[00:00:56.384,857] <err> main: In error state!
[00:00:56.394,989] <err> main: In error state!
[00:00:56.405,120] <err> main: In error state!
[00:00:56.415,252] <err> main: In error state!
[00:00:56.425,384] <err> main: In error state!
[00:00:56.435,516] <err> main: In error state!
[00:00:56.445,648] <err> main: In error state!
[00:00:56.455,780] <err> main: In error state!
[00:00:56.465,942] <err> main: In error state!
[00:00:56.476,104] <err> main: In error state!
[00:00:56.483,062] <inf> main: Heartbeat timer expired
[00:00:56.486,236] <err> main: In error state!
[00:00:56.486,297] <inf> main: Heartbeat LED toggled time = 56483 ms
[00:00:56.496,398] <err> main: In error state!
[00:00:56.506,530] <err> main: In error state!
[00:00:56.516,662] <err> main: In error state!
[00:00:56.526,794] <err> main: In error state!
[00:00:56.536,926] <err> main: In error state!
[00:00:56.547,088] <err> main: In error state!
[00:00:56.557,220] <err> main: In error state!
[00:00:56.567,352] <err> main: In error state!
[00:00:56.577,484] <err> main: In error state!
[00:00:56.587,615] <err> main: In error state!
[00:00:56.597,747] <err> main: In error state!
[00:00:56.607,910] <err> main: In error state!
[00:00:56.618,041] <err> main: In error state!
[00:00:56.628,173] <err> main: In error state!
[00:00:56.638,336] <err> main: In error state!
[00:00:56.648,498] <err> main: In error state!
[00:00:56.658,660] <err> main: In error state!
[00:00:56.668,823] <err> main: In error state!
[00:00:56.678,955] <err> main: In error state!
[00:00:56.689,086] <err> main: In error state!
[00:00:56.699,218] <err> main: In error state!
[00:00:56.709,350] <err> main: In error state!
[00:00:56.719,482] <err> main: In error state!
[00:00:56.729,614] <err> main: In error state!
[00:00:56.739,746] <err> main: In error state!
[00:00:56.749,908] <err> main: In error state!
[00:00:56.760,040] <err> main: In error state!
[00:00:56.770,172] <err> main: In error state!
[00:00:56.780,303] <err> main: In error state!
[00:00:56.790,435] <err> main: In error state!
[00:00:56.800,567] <err> main: In error state!
[00:00:56.810,699] <err> main: In error state!
[00:00:56.820,861] <err> main: In error state!
[00:00:56.830,993] <err> main: In error state!
[00:00:56.841,156] <err> main: In error state!
[00:00:56.851,318] <err> main: In error state!
[00:00:56.861,450] <err> main: In error state!
[00:00:56.871,582] <err> main: In error state!
[00:00:56.881,713] <err> main: In error state!
[00:00:56.891,845] <err> main: In error state!
[00:00:56.901,977] <err> main: In error state!
[00:00:56.912,109] <err> main: In error state!
[00:00:56.922,241] <err> main: In error state!
[00:00:56.932,373] <err> main: In error state!
[00:00:56.942,535] <err> main: In error state!
[00:00:56.952,667] <err> main: In error state!
[00:00:56.962,799] <err> main: In error state!
[00:00:56.972,930] <err> main: In error state!
[00:00:56.983,001] <inf> main: Heartbeat timer expired
[00:00:56.983,154] <err> main: In error state!
[00:00:56.983,215] <inf> main: Heartbeat LED toggled time = 56983 ms
[00:00:56.993,316] <err> main: In error state!
[00:00:57.003,448] <err> main: In error state!
[00:00:57.013,580] <err> main: In error state!
[00:00:57.023,712] <err> main: In error state!
[00:00:57.033,843] <err> main: In error state!
[00:00:57.043,975] <err> main: In error state!
[00:00:57.054,138] <err> main: In error state!
[00:00:57.064,300] <err> main: In error state!
[00:00:57.074,493] <err> main: In error state!
[00:00:57.084,625] <err> main: In error state!
[00:00:57.094,757] <err> main: In error state!
[00:00:57.104,888] <err> main: In error state!
[00:00:57.115,020] <err> main: In error state!
[00:00:57.125,152] <err> main: In error state!
[00:00:57.135,284] <err> main: In error state!
[00:00:57.145,416] <err> main: In error state!
[00:00:57.155,548] <err> main: In error state!
[00:00:57.165,710] <err> main: In error state!
[00:00:57.175,842] <err> main: In error state!
[00:00:57.185,974] <err> main: In error state!
[00:00:57.196,105] <err> main: In error state!
[00:00:57.206,237] <err> main: In error state!
[00:00:57.216,369] <err> main: In error state!
[00:00:57.226,501] <err> main: In error state!
[00:00:57.236,633] <err> main: In error state!
[00:00:57.246,795] <err> main: In error state!
[00:00:57.256,958] <err> main: In error state!
[00:00:57.267,120] <err> main: In error state!
[00:00:57.277,252] <err> main: In error state!
[00:00:57.287,384] <err> main: In error state!
[00:00:57.297,515] <err> main: In error state!
[00:00:57.307,647] <err> main: In error state!
[00:00:57.317,779] <err> main: In error state!
[00:00:57.327,911] <err> main: In error state!
[00:00:57.338,043] <err> main: In error state!
[00:00:57.348,175] <err> main: In error state!
[00:00:57.358,337] <err> main: In error state!
[00:00:57.368,469] <err> main: In error state!
[00:00:57.378,631] <err> main: In error state!
[00:00:57.388,763] <err> main: In error state!
[00:00:57.398,895] <err> main: In error state!
[00:00:57.409,027] <err> main: In error state!
[00:00:57.419,158] <err> main: In error state!
[00:00:57.429,290] <err> main: In error state!
[00:00:57.439,422] <err> main: In error state!
[00:00:57.449,584] <err> main: In error state!
[00:00:57.459,747] <err> main: In error state!
[00:00:57.469,879] <err> main: In error state!
[00:00:57.480,010] <err> main: In error state!
[00:00:57.483,062] <inf> main: Heartbeat timer expired
[00:00:57.490,173] <err> main: In error state!
[00:00:57.490,234] <inf> main: Heartbeat LED toggled time = 57483 ms
[00:00:57.500,305] <err> main: In error state!
[00:00:57.510,437] <err> main: In error state!
[00:00:57.520,568] <err> main: In error state!
[00:00:57.530,731] <err> main: In error state!
[00:00:57.540,863] <err> main: In error state!
[00:00:57.550,994] <err> main: In error state!
[00:00:57.561,126] <err> main: In error state!
[00:00:57.571,258] <err> main: In error state!
[00:00:57.581,390] <err> main: In error state!
[00:00:57.591,522] <err> main: In error state!
[00:00:57.601,654] <err> main: In error state!
[00:00:57.611,785] <err> main: In error state!
[00:00:57.621,917] <err> main: In error state!
[00:00:57.632,080] <err> main: In error state!
[00:00:57.642,242] <err> main: In error state!
[00:00:57.652,374] <err> main: In error state!
[00:00:57.662,506] <err> main: In error state!
[00:00:57.672,637] <err> main: In error state!
[00:00:57.682,769] <err> main: In error state!
[00:00:57.692,901] <err> main: In error state!
[00:00:57.703,033] <err> main: In error state!
[00:00:57.713,165] <err> main: In error state!
[00:00:57.723,297] <err> main: In error state!
[00:00:57.733,459] <err> main: In error state!
[00:00:57.743,591] <err> main: In error state!
[00:00:57.753,723] <err> main: In error state!
[00:00:57.763,854] <err> main: In error state!
[00:00:57.773,986] <err> main: In error state!
[00:00:57.784,118] <err> main: In error state!
[00:00:57.794,250] <err> main: In error state!
[00:00:57.804,382] <err> main: In error state!
[00:00:57.814,514] <err> main: In error state!
[00:00:57.824,676] <err> main: In error state!
[00:00:57.834,838] <err> main: In error state!
[00:00:57.844,970] <err> main: In error state!
[00:00:57.855,102] <err> main: In error state!
[00:00:57.865,234] <err> main: In error state!
[00:00:57.875,366] <err> main: In error state!
[00:00:57.885,498] <err> main: In error state!
[00:00:57.895,629] <err> main: In error state!
[00:00:57.905,792] <err> main: In error state!
[00:00:57.915,924] <err> main: In error state!
[00:00:57.926,086] <err> main: In error state!
[00:00:57.936,218] <err> main: In error state!
[00:00:57.946,350] <err> main: In error state!
[00:00:57.956,481] <err> main: In error state!
[00:00:57.966,613] <err> main: In error state!
[00:00:57.976,745] <err> main: In error state!
[00:00:57.983,001] <inf> main: Heartbeat timer expired
[00:00:57.986,877] <err> main: In error state!
[00:00:57.986,938] <inf> main: Heartbeat LED toggled time = 57983 ms
[00:00:57.997,039] <err> main: In error state!
[00:00:58.007,171] <err> main: In error state!
[00:00:58.017,303] <err> main: In error state!
[00:00:58.027,435] <err> main: In error state!
[00:00:58.037,567] <err> main: In error state!
[00:00:58.047,729] <err> main: In error state!
[00:00:58.057,891] <err> main: In error state!
[00:00:58.068,023] <err> main: In error state!
[00:00:58.078,155] <err> main: In error state!
[00:00:58.088,287] <err> main: In error state!
[00:00:58.098,419] <err> main: In error state!
[00:00:58.108,551] <err> main: In error state!
[00:00:58.118,682] <err> main: In error state!
[00:00:58.128,814] <err> main: In error state!
[00:00:58.138,946] <err> main: In error state!
[00:00:58.149,108] <err> main: In error state!
[00:00:58.159,240] <err> main: In error state!
[00:00:58.169,403] <err> main: In error state!
[00:00:58.179,534] <err> main: In error state!
[00:00:58.189,697] <err> main: In error state!
[00:00:58.199,829] <err> main: In error state!
[00:00:58.209,960] <err> main: In error state!
[00:00:58.220,092] <err> main: In error state!
[00:00:58.230,224] <err> main: In error state!
[00:00:58.240,386] <err> main: In error state!
[00:00:58.250,549] <err> main: In error state!
[00:00:58.260,681] <err> main: In error state!
[00:00:58.270,812] <err> main: In error state!
[00:00:58.280,944] <err> main: In error state!
[00:00:58.291,076] <err> main: In error state!
[00:00:58.301,208] <err> main: In error state!
[00:00:58.311,370] <err> main: In error state!
[00:00:58.321,502] <err> main: In error state!
[00:00:58.331,634] <err> main: In error state!
[00:00:58.341,796] <err> main: In error state!
[00:00:58.351,928] <err> main: In error state!
[00:00:58.362,060] <err> main: In error state!
[00:00:58.372,192] <err> main: In error state!
[00:00:58.382,324] <err> main: In error state!
[00:00:58.392,456] <err> main: In error state!
[00:00:58.402,587] <err> main: In error state!
[00:00:58.412,719] <err> main: In error state!
[00:00:58.422,851] <err> main: In error state!
[00:00:58.433,013] <err> main: In error state!
[00:00:58.443,176] <err> main: In error state!
[00:00:58.453,308] <err> main: In error state!
[00:00:58.463,439] <err> main: In error state!
[00:00:58.473,571] <err> main: In error state!
[00:00:58.483,062] <inf> main: Heartbeat timer expired
[00:00:58.483,703] <err> main: In error state!
[00:00:58.483,764] <inf> main: Heartbeat LED toggled time = 58483 ms
[00:00:58.493,865] <err> main: In error state!
[00:00:58.503,997] <err> main: In error state!
[00:00:58.514,160] <err> main: In error state!
[00:00:58.524,291] <err> main: In error state!
[00:00:58.534,423] <err> main: In error state!
[00:00:58.544,555] <err> main: In error state!
[00:00:58.554,687] <err> main: In error state!
[00:00:58.564,819] <err> main: In error state!
[00:00:58.574,951] <err> main: In error state!
[00:00:58.585,083] <err> main: In error state!
[00:00:58.595,214] <err> main: In error state!
[00:00:58.605,346] <err> main: In error state!
[00:00:58.615,509] <err> main: In error state!
[00:00:58.625,671] <err> main: In error state!
[00:00:58.635,803] <err> main: In error state!
[00:00:58.645,935] <err> main: In error state!
[00:00:58.656,066] <err> main: In error state!
[00:00:58.666,198] <err> main: In error state!
[00:00:58.676,330] <err> main: In error state!
[00:00:58.686,462] <err> main: In error state!
[00:00:58.696,594] <err> main: In error state!
[00:00:58.706,726] <err> main: In error state!
[00:00:58.716,888] <err> main: In error state!
[00:00:58.727,050] <err> main: In error state!
[00:00:58.737,182] <err> main: In error state!
[00:00:58.747,314] <err> main: In error state!
[00:00:58.757,446] <err> main: In error state!
[00:00:58.767,578] <err> main: In error state!
[00:00:58.777,709] <err> main: In error state!
[00:00:58.787,841] <err> main: In error state!
[00:00:58.797,973] <err> main: In error state!
[00:00:58.808,135] <err> main: In error state!
[00:00:58.818,298] <err> main: In error state!
[00:00:58.828,430] <err> main: In error state!
[00:00:58.838,562] <err> main: In error state!
[00:00:58.848,693] <err> main: In error state!
[00:00:58.858,825] <err> main: In error state!
[00:00:58.868,957] <err> main: In error state!
[00:00:58.879,089] <err> main: In error state!
[00:00:58.889,221] <err> main: In error state!
[00:00:58.899,353] <err> main: In error state!
[00:00:58.909,515] <err> main: In error state!
[00:00:58.919,647] <err> main: In error state!
[00:00:58.929,779] <err> main: In error state!
[00:00:58.939,910] <err> main: In error state!
[00:00:58.950,042] <err> main: In error state!
[00:00:58.960,174] <err> main: In error state!
[00:00:58.970,306] <err> main: In error state!
[00:00:58.980,438] <err> main: In